<?xml version="1.0" encoding="UTF-8"?>
<!-- Generated by org.testng.reporters.JUnitReportReporter -->
<testsuite hostname="BharatPC" name="TestNG.FirstTest" tests="3" failures="0" timestamp="18 Jul 2016 04:38:07 GMT" time="0.013" errors="0">
  <testcase name="f" time="0.001" classname="TestNG.FirstTest"/>
  <testcase name="B" time="0.009" classname="TestNG.FirstTest"/>
  <testcase name="B" time="0.003" classname="TestNG.FirstTest"/>
</testsuite> <!-- TestNG.FirstTest -->
