<?xml version="1.0" encoding="UTF-8"?>
<!-- Generated by org.testng.reporters.JUnitReportReporter -->
<testsuite hostname="BharatPC" name="TestNG.DependTest" tests="2" failures="0" timestamp="18 Jul 2016 04:38:07 GMT" time="0.003" errors="0">
  <testcase name="registration" time="0.001" classname="TestNG.DependTest"/>
  <testcase name="login" time="0.002" classname="TestNG.DependTest"/>
</testsuite> <!-- TestNG.DependTest -->
