<?xml version="1.0" encoding="UTF-8"?>
<!-- Generated by org.testng.reporters.JUnitReportReporter -->
<testsuite hostname="BharatPC" name="TestNG.GroupsVerify" tests="4" failures="0" timestamp="18 Jul 2016 04:38:07 GMT" time="0.009" errors="0">
  <testcase name="internetlogin" time="0.001" classname="TestNG.GroupsVerify"/>
  <testcase name="checking" time="0.005" classname="TestNG.GroupsVerify"/>
  <testcase name="withrawl" time="0.001" classname="TestNG.GroupsVerify"/>
  <testcase name="deposit" time="0.002" classname="TestNG.GroupsVerify"/>
</testsuite> <!-- TestNG.GroupsVerify -->
