<?xml version="1.0" encoding="UTF-8"?>
<!-- Generated by org.testng.reporters.JUnitReportReporter -->
<testsuite hostname="BharatPC" name="TestNG.TestNGDataPrviderExample" tests="2" failures="0" timestamp="18 Jul 2016 05:27:06 GMT" time="0.012" errors="0">
  <testcase name="sturecord" time="0.003" classname="TestNG.TestNGDataPrviderExample"/>
  <testcase name="sturecord" time="0.009" classname="TestNG.TestNGDataPrviderExample"/>
</testsuite> <!-- TestNG.TestNGDataPrviderExample -->
