<?xml version="1.0" encoding="UTF-8"?>
<!-- Generated by org.testng.reporters.JUnitReportReporter -->
<testsuite hostname="BharatPC" name="TestNG.SecondTest" tests="2" failures="0" timestamp="18 Jul 2016 04:38:07 GMT" time="0.004" errors="0">
  <testcase name="f" time="0.002" classname="TestNG.SecondTest"/>
  <testcase name="f" time="0.002" classname="TestNG.SecondTest"/>
</testsuite> <!-- TestNG.SecondTest -->
